actionid: checkbuild
msg: envreport
cmdargs: ['/Users/bmoss/rpcdocs/docs-rackspace/.tox/checkbuild/bin/pip', 'freeze']
env: {'VERSIONER_PYTHON_PREFER_32_BIT': 'no', 'TERM_PROGRAM_VERSION': '343.7', 'LOGNAME': 'bmoss', 'USER': 'bmoss', 'PATH': '/Users/bmoss/rpcdocs/docs-rackspace/.tox/checkbuild/bin:/Library/Frameworks/Python.framework/Versions/3.4/bin:/usr/local/apache-maven-3.3.1/bin:/usr/local/bin:/usr/bin:/bin:/usr/sbin:/sbin:/Users/bmoss/.local/bin:/Users/bmoss/bin', 'HOME': '/Users/bmoss', 'TERM_PROGRAM': 'Apple_Terminal', 'LANG': 'en_AU.UTF-8', 'TERM': 'xterm-256color', 'Apple_PubSub_Socket_Render': '/private/tmp/com.apple.launchd.UhZjp4jB4q/Render', 'VERSIONER_PYTHON_VERSION': '2.7', 'SHLVL': '1', 'SECURITYSESSIONID': '186a5', 'XPC_FLAGS': '0x0', 'PYTHONHASHSEED': '3647266242', 'TMPDIR': '/var/folders/7v/2ym60lp139v5wyzf0bslphq00000gn/T/', 'TERM_SESSION_ID': '41B39E25-A50A-4B44-A096-76B4A37822A6', 'XPC_SERVICE_NAME': '0', 'SSH_AUTH_SOCK': '/private/tmp/com.apple.launchd.rgTmcnDGCu/Listeners', 'VIRTUAL_ENV': '/Users/bmoss/rpcdocs/docs-rackspace/.tox/checkbuild', 'SHELL': '/bin/bash', '_': '/usr/local/bin/tox', 'OLDPWD': '/Users/bmoss/rpcdocs/docs-rackspace/doc/templates', '__CF_USER_TEXT_ENCODING': '0x1F5:0x0:0x0', 'PWD': '/Users/bmoss/rpcdocs/docs-rackspace/doc', 'GIT_PROXY_COMMAND': '/Users/bmoss/bin/git-proxy.sh'}

alabaster==0.7.8
Babel==2.3.4
bashate==0.5.1
chardet==2.3.0
CommonMark==0.5.4
coverage==4.1
doc8==0.7.0
docutils==0.12
flake8==2.5.5
imagesize==0.7.1
isort==4.2.5
Jinja2==2.8
Markdown==2.6.6
MarkupSafe==0.23
mccabe==0.4.0
pbr==1.10.0
pep257==0.7.0
pep8==1.7.0
pep8-naming==0.3.3
py==1.4.31
pyenchant==1.6.6
pyflakes==1.0.0
Pygments==2.1.3
pypandoc==1.1.3
pytest==2.9.2
pytest-cov==2.2.1
pytz==2016.4
recommonmark==0.4.0
restructuredtext-lint==0.14.3
six==1.10.0
snowballstemmer==1.2.1
Sphinx==1.4.4
sphinx-rtd-theme==0.1.9
sphinxcontrib-spelling==2.1.2
stevedore==1.15.0
